ForgeAI Services Restart Script
================================
Restarting services for application: hackathon
Frontend port: 12189
Backend port: 12190
Stopping existing processes...
Killing frontend processes on port 12189: 413
Killing frontend PID: 413
Killing backend processes on port 12190: 414
443
Killing backend PID: 414
Killing backend PID: 443
Starting backend...
Installing requirements...
Using backend file: main_back.py
Setting root_path to: /up21/hackathon
Backend started with PID: 775
Starting frontend...
Using frontend file: main_front.py
Using path-based URL: up21/hackathon
Frontend started with PID: 776
Services restarted successfully!
================================
